2020-08-06 18:42:34,360 INFO notifyConnectTimeout:200

2020-08-06 18:42:34,441 INFO notifySocketTimeout:8000

2020-08-06 18:42:34,442 INFO isHealthCheck:true

2020-08-06 18:42:34,442 INFO maxHealthCheckFailCount:12

2020-08-06 18:42:34,442 INFO maxContent:10485760

2020-08-06 18:42:34,443 INFO spring.datasource.platform:mysql

2020-08-06 18:43:33,054 WARN DumpService start

2020-08-06 18:43:33,060 INFO start clear all config-info.

2020-08-06 18:43:33,149 INFO clear all config-info success.

2020-08-06 18:43:33,149 WARN clear all config-info-tenant failed.

2020-08-06 19:16:11,817 INFO notifyConnectTimeout:200

2020-08-06 19:16:11,825 INFO notifySocketTimeout:8000

2020-08-06 19:16:11,825 INFO isHealthCheck:true

2020-08-06 19:16:11,825 INFO maxHealthCheckFailCount:12

2020-08-06 19:16:11,825 INFO maxContent:10485760

2020-08-06 19:16:11,828 INFO spring.datasource.platform:mysql

2020-08-06 19:16:33,131 WARN DumpService start

2020-08-06 19:16:33,136 INFO start clear all config-info.

2020-08-06 19:16:33,142 WARN clear all config-info failed.

2020-08-06 19:16:33,142 WARN clear all config-info-tenant failed.

2020-08-06 19:16:33,340 INFO [all-dump] 69 / 69

2020-08-06 19:16:33,340 INFO start clear all config-info-beta.

2020-08-06 19:16:33,340 WARN clear all config-info-beta failed.

2020-08-06 19:16:33,340 WARN clear all config-info-beta-tenant failed.

2020-08-06 19:16:33,356 INFO start clear all config-info-tag.

2020-08-06 19:16:33,356 WARN clear all config-info-tag failed.

2020-08-06 19:16:33,356 WARN clear all config-info-tag-tenant failed.

