2020-08-02 00:01:41,917 INFO PERFORMANCE:|0|0|-1|-1

2020-08-02 00:06:41,929 INFO PERFORMANCE:|0|0|-1|-1

2020-08-02 00:11:41,930 INFO PERFORMANCE:|0|0|-1|-1

2020-08-02 00:16:41,931 INFO PERFORMANCE:|0|0|-1|-1

2020-08-02 00:21:41,931 INFO PERFORMANCE:|0|0|-1|-1

2020-08-02 00:26:41,932 INFO PERFORMANCE:|0|0|-1|-1

2020-08-02 00:31:41,933 INFO PERFORMANCE:|0|0|-1|-1

2020-08-02 00:36:41,934 INFO PERFORMANCE:|0|0|-1|-1

2020-08-02 00:41:41,935 INFO PERFORMANCE:|0|0|-1|-1

2020-08-02 00:46:41,936 INFO PERFORMANCE:|0|0|-1|-1

2020-08-02 00:51:41,937 INFO PERFORMANCE:|0|0|-1|-1

2020-08-02 00:56:41,939 INFO PERFORMANCE:|0|0|-1|-1

2020-08-02 01:01:41,940 INFO PERFORMANCE:|0|0|-1|-1

2020-08-02 01:06:41,941 INFO PERFORMANCE:|0|0|-1|-1

2020-08-02 01:11:41,942 INFO PERFORMANCE:|0|0|-1|-1

2020-08-02 01:16:41,943 INFO PERFORMANCE:|0|0|-1|-1

2020-08-02 01:21:41,943 INFO PERFORMANCE:|0|0|-1|-1

2020-08-02 01:26:41,944 INFO PERFORMANCE:|0|0|-1|-1

2020-08-02 01:31:41,945 INFO PERFORMANCE:|0|0|-1|-1

2020-08-02 01:36:41,947 INFO PERFORMANCE:|0|0|-1|-1

2020-08-02 01:41:41,948 INFO PERFORMANCE:|0|0|-1|-1

2020-08-02 01:46:41,949 INFO PERFORMANCE:|0|0|-1|-1

2020-08-02 01:51:41,950 INFO PERFORMANCE:|0|0|-1|-1

2020-08-02 01:56:41,950 INFO PERFORMANCE:|0|0|-1|-1

2020-08-02 02:01:41,951 INFO PERFORMANCE:|0|0|-1|-1

2020-08-02 02:06:41,952 INFO PERFORMANCE:|0|0|-1|-1

2020-08-02 02:11:41,953 INFO PERFORMANCE:|0|0|-1|-1

2020-08-02 02:16:41,955 INFO PERFORMANCE:|0|0|-1|-1

2020-08-02 02:21:41,956 INFO PERFORMANCE:|0|0|-1|-1

2020-08-02 02:26:41,957 INFO PERFORMANCE:|0|0|-1|-1

2020-08-02 02:31:41,957 INFO PERFORMANCE:|0|0|-1|-1

2020-08-02 02:36:41,958 INFO PERFORMANCE:|0|0|-1|-1

2020-08-02 02:41:41,959 INFO PERFORMANCE:|0|0|-1|-1

2020-08-02 02:46:41,960 INFO PERFORMANCE:|0|0|-1|-1

2020-08-02 02:51:41,961 INFO PERFORMANCE:|0|0|-1|-1

2020-08-02 02:56:41,962 INFO PERFORMANCE:|0|0|-1|-1

2020-08-02 03:01:41,963 INFO PERFORMANCE:|0|0|-1|-1

2020-08-02 03:06:41,964 INFO PERFORMANCE:|0|0|-1|-1

2020-08-02 03:11:41,964 INFO PERFORMANCE:|0|0|-1|-1

2020-08-02 03:16:41,965 INFO PERFORMANCE:|0|0|-1|-1

2020-08-02 03:21:41,967 INFO PERFORMANCE:|0|0|-1|-1

2020-08-02 03:26:41,967 INFO PERFORMANCE:|0|0|-1|-1

2020-08-02 03:31:41,968 INFO PERFORMANCE:|0|0|-1|-1

2020-08-02 03:36:41,969 INFO PERFORMANCE:|0|0|-1|-1

2020-08-02 03:41:41,969 INFO PERFORMANCE:|0|0|-1|-1

2020-08-02 03:46:41,971 INFO PERFORMANCE:|0|0|-1|-1

2020-08-02 03:51:41,972 INFO PERFORMANCE:|0|0|-1|-1

2020-08-02 03:56:41,974 INFO PERFORMANCE:|0|0|-1|-1

2020-08-02 04:01:41,975 INFO PERFORMANCE:|0|0|-1|-1

2020-08-02 04:06:41,975 INFO PERFORMANCE:|0|0|-1|-1

2020-08-02 04:11:41,976 INFO PERFORMANCE:|0|0|-1|-1

2020-08-02 04:16:41,977 INFO PERFORMANCE:|0|0|-1|-1

2020-08-02 04:21:41,978 INFO PERFORMANCE:|0|0|-1|-1

2020-08-02 04:26:41,980 INFO PERFORMANCE:|0|0|-1|-1

2020-08-02 04:31:41,981 INFO PERFORMANCE:|0|0|-1|-1

2020-08-02 04:36:41,982 INFO PERFORMANCE:|0|0|-1|-1

2020-08-02 04:41:41,983 INFO PERFORMANCE:|0|0|-1|-1

2020-08-02 04:46:41,985 INFO PERFORMANCE:|0|0|-1|-1

2020-08-02 04:51:41,985 INFO PERFORMANCE:|0|0|-1|-1

2020-08-02 04:56:41,986 INFO PERFORMANCE:|0|0|-1|-1

2020-08-02 05:01:41,987 INFO PERFORMANCE:|0|0|-1|-1

2020-08-02 05:06:41,988 INFO PERFORMANCE:|0|0|-1|-1

2020-08-02 05:11:41,989 INFO PERFORMANCE:|0|0|-1|-1

2020-08-02 05:16:41,990 INFO PERFORMANCE:|0|0|-1|-1

2020-08-02 05:21:41,991 INFO PERFORMANCE:|0|0|-1|-1

2020-08-02 05:26:41,992 INFO PERFORMANCE:|0|0|-1|-1

2020-08-02 05:31:41,992 INFO PERFORMANCE:|0|0|-1|-1

2020-08-02 05:36:41,993 INFO PERFORMANCE:|0|0|-1|-1

2020-08-02 05:41:41,994 INFO PERFORMANCE:|0|0|-1|-1

2020-08-02 05:46:41,994 INFO PERFORMANCE:|0|0|-1|-1

2020-08-02 05:51:41,995 INFO PERFORMANCE:|0|0|-1|-1

2020-08-02 05:56:41,996 INFO PERFORMANCE:|0|0|-1|-1

2020-08-02 06:01:41,996 INFO PERFORMANCE:|0|0|-1|-1

2020-08-02 06:06:41,998 INFO PERFORMANCE:|0|0|-1|-1

2020-08-02 06:11:41,999 INFO PERFORMANCE:|0|0|-1|-1

2020-08-02 06:16:42,000 INFO PERFORMANCE:|0|0|-1|-1

2020-08-02 06:21:42,001 INFO PERFORMANCE:|0|0|-1|-1

2020-08-02 06:26:42,002 INFO PERFORMANCE:|0|0|-1|-1

2020-08-02 06:31:42,003 INFO PERFORMANCE:|0|0|-1|-1

2020-08-02 06:36:42,005 INFO PERFORMANCE:|0|0|-1|-1

2020-08-02 06:41:42,006 INFO PERFORMANCE:|0|0|-1|-1

2020-08-02 06:46:42,006 INFO PERFORMANCE:|0|0|-1|-1

2020-08-02 06:51:42,008 INFO PERFORMANCE:|0|0|-1|-1

2020-08-02 06:56:42,009 INFO PERFORMANCE:|0|0|-1|-1

2020-08-02 07:01:42,010 INFO PERFORMANCE:|0|0|-1|-1

2020-08-02 07:06:42,011 INFO PERFORMANCE:|0|0|-1|-1

2020-08-02 07:11:42,012 INFO PERFORMANCE:|0|0|-1|-1

2020-08-02 07:16:42,013 INFO PERFORMANCE:|0|0|-1|-1

2020-08-02 07:21:42,014 INFO PERFORMANCE:|0|0|-1|-1

2020-08-02 07:26:42,015 INFO PERFORMANCE:|0|0|-1|-1

2020-08-02 07:31:42,016 INFO PERFORMANCE:|0|0|-1|-1

2020-08-02 07:36:42,018 INFO PERFORMANCE:|0|0|-1|-1

2020-08-02 07:41:42,018 INFO PERFORMANCE:|0|0|-1|-1

2020-08-02 07:46:42,019 INFO PERFORMANCE:|0|0|-1|-1

2020-08-02 07:51:42,020 INFO PERFORMANCE:|0|0|-1|-1

2020-08-02 07:56:42,021 INFO PERFORMANCE:|0|0|-1|-1

2020-08-02 08:01:42,022 INFO PERFORMANCE:|0|0|-1|-1

2020-08-02 08:06:42,023 INFO PERFORMANCE:|0|0|-1|-1

2020-08-02 08:11:42,024 INFO PERFORMANCE:|0|0|-1|-1

2020-08-02 08:16:42,026 INFO PERFORMANCE:|0|0|-1|-1

2020-08-02 08:21:42,027 INFO PERFORMANCE:|0|0|-1|-1

2020-08-02 08:26:42,028 INFO PERFORMANCE:|0|0|-1|-1

2020-08-02 08:31:42,029 INFO PERFORMANCE:|0|0|-1|-1

2020-08-02 08:36:42,029 INFO PERFORMANCE:|0|0|-1|-1

2020-08-02 08:41:42,030 INFO PERFORMANCE:|0|0|-1|-1

2020-08-02 08:46:42,030 INFO PERFORMANCE:|0|0|-1|-1

2020-08-02 08:51:42,031 INFO PERFORMANCE:|0|0|-1|-1

2020-08-02 08:56:42,032 INFO PERFORMANCE:|0|0|-1|-1

2020-08-02 09:01:42,033 INFO PERFORMANCE:|0|0|-1|-1

2020-08-02 09:06:42,034 INFO PERFORMANCE:|0|0|-1|-1

2020-08-02 09:11:42,035 INFO PERFORMANCE:|0|0|-1|-1

2020-08-02 09:16:42,036 INFO PERFORMANCE:|0|0|-1|-1

2020-08-02 09:21:42,038 INFO PERFORMANCE:|0|0|-1|-1

2020-08-02 09:26:42,039 INFO PERFORMANCE:|0|0|-1|-1

2020-08-02 09:31:42,041 INFO PERFORMANCE:|0|0|-1|-1

2020-08-02 09:36:42,041 INFO PERFORMANCE:|0|0|-1|-1

2020-08-02 09:41:42,043 INFO PERFORMANCE:|0|0|-1|-1

2020-08-02 09:46:42,044 INFO PERFORMANCE:|0|0|-1|-1

2020-08-02 09:51:42,044 INFO PERFORMANCE:|0|0|-1|-1

2020-08-02 09:56:42,045 INFO PERFORMANCE:|0|0|-1|-1

2020-08-02 10:01:42,047 INFO PERFORMANCE:|0|0|-1|-1

2020-08-02 10:06:42,049 INFO PERFORMANCE:|0|0|-1|-1

2020-08-02 10:11:42,050 INFO PERFORMANCE:|0|0|-1|-1

2020-08-02 10:16:42,050 INFO PERFORMANCE:|0|0|-1|-1

2020-08-02 10:21:42,051 INFO PERFORMANCE:|0|0|-1|-1

2020-08-02 10:26:42,052 INFO PERFORMANCE:|0|0|-1|-1

2020-08-02 10:31:42,053 INFO PERFORMANCE:|0|0|-1|-1

2020-08-02 10:36:42,055 INFO PERFORMANCE:|0|0|-1|-1

2020-08-02 10:41:42,055 INFO PERFORMANCE:|0|0|-1|-1

2020-08-02 10:46:42,055 INFO PERFORMANCE:|0|0|-1|-1

2020-08-02 10:51:42,056 INFO PERFORMANCE:|0|0|-1|-1

2020-08-02 10:56:42,057 INFO PERFORMANCE:|0|0|-1|-1

2020-08-02 11:01:42,058 INFO PERFORMANCE:|0|0|-1|-1

2020-08-02 11:06:42,059 INFO PERFORMANCE:|0|0|-1|-1

2020-08-02 11:11:42,060 INFO PERFORMANCE:|0|0|-1|-1

2020-08-02 11:16:42,061 INFO PERFORMANCE:|0|0|-1|-1

2020-08-02 11:21:42,062 INFO PERFORMANCE:|0|0|-1|-1

2020-08-02 11:26:42,063 INFO PERFORMANCE:|0|0|-1|-1

2020-08-02 11:31:42,064 INFO PERFORMANCE:|0|0|-1|-1

2020-08-02 11:36:42,064 INFO PERFORMANCE:|0|0|-1|-1

2020-08-02 11:41:42,065 INFO PERFORMANCE:|0|0|-1|-1

2020-08-02 11:46:42,066 INFO PERFORMANCE:|0|0|-1|-1

2020-08-02 11:51:42,068 INFO PERFORMANCE:|0|0|-1|-1

2020-08-02 11:56:42,069 INFO PERFORMANCE:|0|0|-1|-1

2020-08-02 12:01:42,070 INFO PERFORMANCE:|0|0|-1|-1

2020-08-02 12:06:42,071 INFO PERFORMANCE:|0|0|-1|-1

2020-08-02 12:11:42,071 INFO PERFORMANCE:|0|0|-1|-1

2020-08-02 12:16:42,072 INFO PERFORMANCE:|0|0|-1|-1

2020-08-02 12:21:42,073 INFO PERFORMANCE:|0|0|-1|-1

2020-08-02 12:26:42,074 INFO PERFORMANCE:|0|0|-1|-1

2020-08-02 12:31:42,075 INFO PERFORMANCE:|0|0|-1|-1

2020-08-02 12:36:42,076 INFO PERFORMANCE:|0|0|-1|-1

2020-08-02 12:41:42,077 INFO PERFORMANCE:|0|0|-1|-1

2020-08-02 12:46:42,078 INFO PERFORMANCE:|0|0|-1|-1

2020-08-02 12:51:42,078 INFO PERFORMANCE:|0|0|-1|-1

2020-08-02 12:56:42,078 INFO PERFORMANCE:|0|0|-1|-1

2020-08-02 13:01:42,079 INFO PERFORMANCE:|0|0|-1|-1

2020-08-02 13:06:42,080 INFO PERFORMANCE:|0|0|-1|-1

2020-08-02 13:11:42,081 INFO PERFORMANCE:|0|0|-1|-1

2020-08-02 13:16:42,081 INFO PERFORMANCE:|0|0|-1|-1

2020-08-02 13:21:42,082 INFO PERFORMANCE:|0|0|-1|-1

2020-08-02 13:26:42,083 INFO PERFORMANCE:|0|0|-1|-1

2020-08-02 13:31:42,084 INFO PERFORMANCE:|0|0|-1|-1

2020-08-02 13:36:42,085 INFO PERFORMANCE:|0|0|-1|-1

2020-08-02 13:41:42,086 INFO PERFORMANCE:|0|0|-1|-1

2020-08-02 13:46:42,086 INFO PERFORMANCE:|0|0|-1|-1

2020-08-02 13:51:42,087 INFO PERFORMANCE:|0|0|-1|-1

2020-08-02 13:56:42,087 INFO PERFORMANCE:|0|0|-1|-1

2020-08-02 14:01:42,088 INFO PERFORMANCE:|0|0|-1|-1

2020-08-02 14:06:42,089 INFO PERFORMANCE:|0|0|-1|-1

2020-08-02 14:11:42,089 INFO PERFORMANCE:|0|0|-1|-1

2020-08-02 14:16:42,090 INFO PERFORMANCE:|0|0|-1|-1

2020-08-02 14:21:42,090 INFO PERFORMANCE:|0|0|-1|-1

2020-08-02 14:26:42,091 INFO PERFORMANCE:|0|0|-1|-1

2020-08-02 14:31:42,092 INFO PERFORMANCE:|0|0|-1|-1

2020-08-02 14:36:42,093 INFO PERFORMANCE:|0|0|-1|-1

2020-08-02 14:41:42,093 INFO PERFORMANCE:|0|0|-1|-1

2020-08-02 14:46:42,094 INFO PERFORMANCE:|0|0|-1|-1

2020-08-02 14:51:42,095 INFO PERFORMANCE:|0|0|-1|-1

2020-08-02 14:56:42,095 INFO PERFORMANCE:|0|0|-1|-1

2020-08-02 15:01:42,096 INFO PERFORMANCE:|0|0|-1|-1

2020-08-02 15:06:42,097 INFO PERFORMANCE:|0|0|-1|-1

2020-08-02 15:11:42,098 INFO PERFORMANCE:|0|0|-1|-1

2020-08-02 15:16:42,099 INFO PERFORMANCE:|0|0|-1|-1

2020-08-02 15:21:42,100 INFO PERFORMANCE:|0|0|-1|-1

2020-08-02 15:26:42,100 INFO PERFORMANCE:|0|0|-1|-1

2020-08-02 15:31:42,102 INFO PERFORMANCE:|0|0|-1|-1

2020-08-02 15:36:42,102 INFO PERFORMANCE:|0|0|-1|-1

2020-08-02 15:41:42,103 INFO PERFORMANCE:|0|0|-1|-1

2020-08-02 15:46:42,104 INFO PERFORMANCE:|0|0|-1|-1

2020-08-02 15:51:42,104 INFO PERFORMANCE:|0|0|-1|-1

2020-08-02 15:56:42,107 INFO PERFORMANCE:|0|0|-1|-1

2020-08-02 16:01:42,107 INFO PERFORMANCE:|0|0|-1|-1

2020-08-02 16:06:42,108 INFO PERFORMANCE:|0|0|-1|-1

2020-08-02 16:11:42,109 INFO PERFORMANCE:|0|0|-1|-1

2020-08-02 16:16:42,110 INFO PERFORMANCE:|0|0|-1|-1

2020-08-02 16:21:42,111 INFO PERFORMANCE:|0|0|-1|-1

2020-08-02 16:26:42,112 INFO PERFORMANCE:|0|0|-1|-1

2020-08-02 16:31:42,114 INFO PERFORMANCE:|0|0|-1|-1

2020-08-02 16:36:42,115 INFO PERFORMANCE:|0|0|-1|-1

2020-08-02 16:41:42,115 INFO PERFORMANCE:|0|0|-1|-1

2020-08-02 16:46:42,116 INFO PERFORMANCE:|0|0|-1|-1

2020-08-02 16:51:42,117 INFO PERFORMANCE:|0|0|-1|-1

2020-08-02 16:56:42,118 INFO PERFORMANCE:|0|0|-1|-1

2020-08-02 17:01:42,119 INFO PERFORMANCE:|0|0|-1|-1

2020-08-02 17:06:42,120 INFO PERFORMANCE:|0|0|-1|-1

2020-08-02 17:11:42,121 INFO PERFORMANCE:|0|0|-1|-1

2020-08-02 17:16:42,122 INFO PERFORMANCE:|0|0|-1|-1

2020-08-02 17:21:42,123 INFO PERFORMANCE:|0|0|-1|-1

2020-08-02 17:26:42,133 INFO PERFORMANCE:|0|0|-1|-1

2020-08-02 17:31:42,134 INFO PERFORMANCE:|0|0|-1|-1

2020-08-02 17:36:42,135 INFO PERFORMANCE:|0|0|-1|-1

2020-08-02 17:41:42,136 INFO PERFORMANCE:|0|0|-1|-1

2020-08-02 17:46:42,137 INFO PERFORMANCE:|0|0|-1|-1

2020-08-02 17:51:42,138 INFO PERFORMANCE:|0|0|-1|-1

2020-08-02 17:56:42,139 INFO PERFORMANCE:|0|0|-1|-1

2020-08-02 18:01:42,140 INFO PERFORMANCE:|0|0|-1|-1

2020-08-02 18:06:42,141 INFO PERFORMANCE:|0|0|-1|-1

2020-08-02 18:11:42,142 INFO PERFORMANCE:|0|0|-1|-1

2020-08-02 18:16:42,143 INFO PERFORMANCE:|0|0|-1|-1

