
         ,--.
       ,--.'|
   ,--,:  : |                                           Nacos 
,`--.'`|  ' :                       ,---.               Running in stand alone mode, All function modules
|   :  :  | |                      '   ,'\   .--.--.    Port: 8848
:   |   \ | :  ,--.--.     ,---.  /   /   | /  /    '   Pid: 19
|   : '  '; | /       \   /     \.   ; ,. :|  :  /`./   Console: http://44986194d6ef:8848/nacos/index.html
'   ' ;.    ;.--.  .-. | /    / ''   | |: :|  :  ;_
|   | | \   | \__\/: . ..    ' / '   | .; : \  \    `.      https://nacos.io
'   : |  ; .' ," .--.; |'   ; :__|   :    |  `----.   \
|   | '`--'  /  /  ,.  |'   | '.'|\   \  /  /  /`--'  /
'   : |     ;  :   .'   \   :    : `----'  '--'.     /
;   |.'     |  ,     .-./\   \  /            `--'---'
'---'        `--`---'     `----'

2020-08-06 19:16:20,891 INFO Bean 'org.springframework.security.config.annotation.configuration.ObjectPostProcessorConfiguration' of type [org.springframework.security.config.annotation.configuration.ObjectPostProcessorConfiguration$$EnhancerBySpringCGLIB$$a233d21d] is not eligible for getting processed by all BeanPostProcessors (for example: not eligible for auto-proxying)

2020-08-06 19:16:21,241 INFO Bean 'objectPostProcessor' of type [org.springframework.security.config.annotation.configuration.AutowireBeanFactoryObjectPostProcessor] is not eligible for getting processed by all BeanPostProcessors (for example: not eligible for auto-proxying)

2020-08-06 19:16:21,263 INFO Bean 'org.springframework.security.access.expression.method.DefaultMethodSecurityExpressionHandler@563e4951' of type [org.springframework.security.access.expression.method.DefaultMethodSecurityExpressionHandler] is not eligible for getting processed by all BeanPostProcessors (for example: not eligible for auto-proxying)

2020-08-06 19:16:21,266 INFO Bean 'org.springframework.security.config.annotation.method.configuration.GlobalMethodSecurityConfiguration' of type [org.springframework.security.config.annotation.method.configuration.GlobalMethodSecurityConfiguration$$EnhancerBySpringCGLIB$$c70874cf] is not eligible for getting processed by all BeanPostProcessors (for example: not eligible for auto-proxying)

2020-08-06 19:16:21,281 INFO Bean 'methodSecurityMetadataSource' of type [org.springframework.security.access.method.DelegatingMethodSecurityMetadataSource] is not eligible for getting processed by all BeanPostProcessors (for example: not eligible for auto-proxying)

2020-08-06 19:16:23,790 INFO Tomcat initialized with port(s): 8848 (http)

2020-08-06 19:16:24,599 INFO Root WebApplicationContext: initialization completed in 12478 ms

Loading class `com.mysql.jdbc.Driver'. This is deprecated. The new driver class is `com.mysql.cj.jdbc.Driver'. The driver is automatically registered via the SPI and manual loading of the driver class is generally unnecessary.
2020-08-06 19:16:35,686 INFO Initializing ExecutorService 'applicationTaskExecutor'

2020-08-06 19:16:36,202 INFO Adding welcome page: class path resource [static/index.html]

2020-08-06 19:16:38,175 INFO Creating filter chain: Ant [pattern='/**'], []

2020-08-06 19:16:38,375 INFO Creating filter chain: any request, [org.springframework.security.web.context.request.async.WebAsyncManagerIntegrationFilter@29d2d081, org.springframework.security.web.context.SecurityContextPersistenceFilter@4d157787, org.springframework.security.web.header.HeaderWriterFilter@2c444798, org.springframework.security.web.csrf.CsrfFilter@320e400, org.springframework.security.web.authentication.logout.LogoutFilter@51c929ae, org.springframework.security.web.savedrequest.RequestCacheAwareFilter@6d1310f6, org.springframework.security.web.servletapi.SecurityContextHolderAwareRequestFilter@50b8ae8d, org.springframework.security.web.authentication.AnonymousAuthenticationFilter@40e4ea87, org.springframework.security.web.session.SessionManagementFilter@6ebd78d1, org.springframework.security.web.access.ExceptionTranslationFilter@1cfd1875]

2020-08-06 19:16:38,873 INFO Exposing 16 endpoint(s) beneath base path '/actuator'

2020-08-06 19:16:38,957 INFO Initializing ExecutorService 'taskScheduler'

2020-08-06 19:16:39,603 INFO Tomcat started on port(s): 8848 (http) with context path '/nacos'

2020-08-06 19:16:39,618 INFO Nacos Log files: /home/nacos/logs

2020-08-06 19:16:39,621 INFO Nacos Log files: /home/nacos/conf

2020-08-06 19:16:39,621 INFO Nacos Log files: /home/nacos/data

2020-08-06 19:16:39,622 INFO Nacos started successfully in stand alone mode. use external storage

2020-08-06 19:16:46,147 INFO Initializing Servlet 'dispatcherServlet'

2020-08-06 19:16:46,180 INFO Completed initialization in 33 ms

